2025-09-01 18:19:24,751 [INFO] Activator:176 - 


2025-09-01 18:19:24,752 [INFO] Activator:177 - !SESSION log4j initialized
2025-09-01 18:19:27,268 [INFO] LogOutputStream:77 - [STDOUT_REDIRECT] 
2025-09-01 18:19:29,187 [INFO] ApplicationProperties:184 - Using Application install path: C:\ST\STM32CubeIDE_1.19.0\STM32CubeIDE\plugins\com.st.stm32cube.common.mx_6.15.0.202507011659
2025-09-01 18:19:29,201 [INFO] DbMcusXml:78 - Set database path to: C:\ST\STM32CubeIDE_1.19.0\STM32CubeIDE\plugins\com.st.stm32cube.common.mx_6.15.0.202507011659\\db\/mcu/
2025-09-01 18:19:29,201 [INFO] ApiDb:274 - Set plugin database path to: C:\ST\STM32CubeIDE_1.19.0\STM32CubeIDE\plugins\com.st.stm32cube.common.mx_6.15.0.202507011659\\db\/plugins/boardmanager/
2025-09-01 18:19:29,208 [WARN] ApiDb:259 - Overriding images path with different value:  => C:\ST\STM32CubeIDE_1.19.0\STM32CubeIDE\plugins\com.st.stm32cube.common.mx_6.15.0.202507011659\\db\/plugins/mcufinder/images/
2025-09-01 18:19:29,213 [INFO] ApiDb:250 - Set database path to: C:\Users\User\.stmcufinder\plugins\mcufinder//mcu/
2025-09-01 18:19:29,213 [INFO] DbMcusAds:125 - Set database path to: C:\Users\User\.stmcufinder\plugins\mcufinder//mcu/
2025-09-01 18:19:29,215 [INFO] CrossReferenceDbSqlite:203 - Set database path to: C:\Users\User\.stmcufinder\plugins\mcufinder//mcu/cs/
2025-09-01 18:19:29,294 [INFO] RulesReader:64 - Compatibility file has been processed (317 Rules)
2025-09-01 18:19:29,358 [INFO] DbMcusXml:78 - Set database path to: C:\ST\STM32CubeIDE_1.19.0\STM32CubeIDE\plugins\com.st.stm32cube.common.mx_6.15.0.202507011659\\db\/mcu/
2025-09-01 18:19:29,358 [INFO] ApiDb:274 - Set plugin database path to: C:\ST\STM32CubeIDE_1.19.0\STM32CubeIDE\plugins\com.st.stm32cube.common.mx_6.15.0.202507011659\\db\/plugins/boardmanager/
2025-09-01 18:19:29,358 [INFO] ApiDb:261 - Set plugin images path to: C:\ST\STM32CubeIDE_1.19.0\STM32CubeIDE\plugins\com.st.stm32cube.common.mx_6.15.0.202507011659\\db\/plugins/mcufinder/images/
2025-09-01 18:19:29,358 [WARN] DbFile:41 - Overriding database path with different value: C:\Users\User\.stmcufinder\plugins\mcufinder/ => C:\Users\User\.stmcufinder\plugins\mcufinder
2025-09-01 18:19:29,358 [INFO] ApiDb:250 - Set database path to: C:\Users\User\.stmcufinder\plugins\mcufinder//mcu/
2025-09-01 18:19:29,358 [WARN] DbFile:41 - Overriding database path with different value: C:\Users\User\.stmcufinder\plugins\mcufinder/ => C:\Users\User\.stmcufinder\plugins\mcufinder
2025-09-01 18:19:29,358 [INFO] DbMcusAds:125 - Set database path to: C:\Users\User\.stmcufinder\plugins\mcufinder//mcu/
2025-09-01 18:19:29,358 [WARN] DbFile:41 - Overriding database path with different value: C:\Users\User\.stmcufinder\plugins\mcufinder/ => C:\Users\User\.stmcufinder\plugins\mcufinder
2025-09-01 18:19:29,358 [WARN] DbFile:41 - Overriding database path with different value: C:\Users\User\.stmcufinder\plugins\mcufinder/ => C:\Users\User\.stmcufinder\plugins\mcufinder
2025-09-01 18:19:29,358 [INFO] CrossReferenceDbSqlite:203 - Set database path to: C:\Users\User\.stmcufinder\plugins\mcufinder//mcu/cs/
2025-09-01 18:19:29,409 [INFO] MainPanel:274 - HeapMemory: 268435456
2025-09-01 18:19:29,468 [INFO] DbMcusXml:78 - Set database path to: C:\ST\STM32CubeIDE_1.19.0\STM32CubeIDE\plugins\com.st.stm32cube.common.mx_6.15.0.202507011659\\db\/mcu/
2025-09-01 18:19:29,468 [INFO] ApiDb:274 - Set plugin database path to: C:\ST\STM32CubeIDE_1.19.0\STM32CubeIDE\plugins\com.st.stm32cube.common.mx_6.15.0.202507011659\\db\/plugins/boardmanager/
2025-09-01 18:19:29,468 [INFO] ApiDb:261 - Set plugin images path to: C:\ST\STM32CubeIDE_1.19.0\STM32CubeIDE\plugins\com.st.stm32cube.common.mx_6.15.0.202507011659\\db\/plugins/mcufinder/images/
2025-09-01 18:19:29,468 [WARN] DbFile:41 - Overriding database path with different value: C:\Users\User\.stmcufinder\plugins\mcufinder/ => C:\Users\User\.stmcufinder\plugins\mcufinder
2025-09-01 18:19:29,468 [INFO] ApiDb:250 - Set database path to: C:\Users\User\.stmcufinder\plugins\mcufinder//mcu/
2025-09-01 18:19:29,468 [WARN] DbFile:41 - Overriding database path with different value: C:\Users\User\.stmcufinder\plugins\mcufinder/ => C:\Users\User\.stmcufinder\plugins\mcufinder
2025-09-01 18:19:29,469 [INFO] DbMcusAds:125 - Set database path to: C:\Users\User\.stmcufinder\plugins\mcufinder//mcu/
2025-09-01 18:19:29,469 [WARN] DbFile:41 - Overriding database path with different value: C:\Users\User\.stmcufinder\plugins\mcufinder/ => C:\Users\User\.stmcufinder\plugins\mcufinder
2025-09-01 18:19:29,469 [WARN] DbFile:41 - Overriding database path with different value: C:\Users\User\.stmcufinder\plugins\mcufinder/ => C:\Users\User\.stmcufinder\plugins\mcufinder
2025-09-01 18:19:29,469 [INFO] CrossReferenceDbSqlite:203 - Set database path to: C:\Users\User\.stmcufinder\plugins\mcufinder//mcu/cs/
2025-09-01 18:19:29,482 [INFO] ApplicationProperties:184 - Using Application install path: C:\ST\STM32CubeIDE_1.19.0\STM32CubeIDE\plugins\com.st.stm32cube.common.mx_6.15.0.202507011659
2025-09-01 18:19:29,483 [INFO] PluginManage:196 - Search for loadable plugins [exclusion list=, ]
2025-09-01 18:19:29,483 [INFO] PluginManage:310 - Check plugin analytics
2025-09-01 18:19:29,622 [INFO] AnalyticsPlugin:253 - Accepted Software Licenses: 
2025-09-01 18:19:29,623 [INFO] AnalyticsPlugin:255 - Accepted CMSIS Pack Licenses: 
2025-09-01 18:19:29,623 [INFO] AnalyticsPlugin:257 - Accepted Firmware Licenses: 
2025-09-01 18:19:29,627 [INFO] PluginManage:359 - Loaded plugin analytics (category:tool,tabindex:-1)
2025-09-01 18:19:29,627 [INFO] PluginManage:310 - Check plugin cadmodel
2025-09-01 18:19:29,643 [INFO] CADModel:105 - Init CAD model plugin
2025-09-01 18:19:29,643 [INFO] PluginManage:359 - Loaded plugin cadmodel (category:power,tabindex:5)
2025-09-01 18:19:29,643 [INFO] PluginManage:310 - Check plugin clock
2025-09-01 18:19:29,649 [INFO] PluginManage:359 - Loaded plugin clock (category:base,tabindex:2)
2025-09-01 18:19:29,649 [INFO] PluginManage:310 - Check plugin ddr
2025-09-01 18:19:29,650 [INFO] PluginManage:359 - Loaded plugin ddr (category:tool,tabindex:6)
2025-09-01 18:19:29,650 [INFO] PluginManage:310 - Check plugin filemanager
2025-09-01 18:19:29,752 [INFO] PluginManage:359 - Loaded plugin filemanager (category:base,tabindex:10)
2025-09-01 18:19:29,752 [INFO] PluginManage:310 - Check plugin ipmanager
2025-09-01 18:19:29,757 [INFO] PluginManage:359 - Loaded plugin ipmanager (category:base,tabindex:5)
2025-09-01 18:19:29,757 [INFO] PluginManage:310 - Check plugin lpbam
2025-09-01 18:19:29,762 [INFO] PluginManage:359 - Loaded plugin lpbam (category:base,tabindex:0)
2025-09-01 18:19:29,762 [INFO] PluginManage:310 - Check plugin memorymap
2025-09-01 18:19:29,771 [INFO] PluginManage:359 - Loaded plugin memorymap (category:base,tabindex:4)
2025-09-01 18:19:29,771 [INFO] PluginManage:310 - Check plugin pinoutandconfiguration
2025-09-01 18:19:29,775 [INFO] PluginManage:359 - Loaded plugin pinoutandconfiguration (category:base,tabindex:1)
2025-09-01 18:19:29,775 [INFO] PluginManage:310 - Check plugin pinoutconfig
2025-09-01 18:19:29,826 [WARN] SupportedApi:132 - Cannot load RTOS API schema: s4s-elt-must-match.1: The content of 'definitions' must match (annotation?, (simpleType | complexType)?, (unique | key | keyref)*)). A problem was found starting at: attribute.
2025-09-01 18:19:29,901 [INFO] PluginManage:359 - Loaded plugin pinoutconfig (category:base,tabindex:0)
2025-09-01 18:19:29,901 [INFO] PluginManage:310 - Check plugin power
2025-09-01 18:19:29,905 [INFO] PluginManage:359 - Loaded plugin power (category:power,tabindex:4)
2025-09-01 18:19:29,905 [INFO] PluginManage:310 - Check plugin projectmanager
2025-09-01 18:19:29,919 [INFO] PluginManage:359 - Loaded plugin projectmanager (category:projectmanager,tabindex:4)
2025-09-01 18:19:29,920 [INFO] PluginManage:310 - Check plugin rif
2025-09-01 18:19:29,927 [INFO] PluginManage:359 - Loaded plugin rif (category:base,tabindex:3)
2025-09-01 18:19:29,927 [INFO] PluginManage:310 - Check plugin thirdparty
2025-09-01 18:19:30,017 [INFO] PluginManage:359 - Loaded plugin thirdparty (category:base,tabindex:-1)
2025-09-01 18:19:30,017 [INFO] PluginManage:310 - Check plugin tools
2025-09-01 18:19:30,017 [WARN] IntegrityCheckThread:84 - waiting for thirdparty lock release [integrity check]
2025-09-01 18:19:30,017 [INFO] IntegrityCheckThread:86 - entering critical section [integrity check]
2025-09-01 18:19:30,018 [INFO] ThirdPartyUpdaterWithRetryManager:70 - Updater plugin not ready yet. [1/15]
2025-09-01 18:19:30,019 [INFO] PluginManage:359 - Loaded plugin tools (category:base,tabindex:7)
2025-09-01 18:19:30,019 [INFO] PluginManage:310 - Check plugin tutovideos
2025-09-01 18:19:30,129 [INFO] PluginManage:359 - Loaded plugin tutovideos (category:base,tabindex:-1)
2025-09-01 18:19:30,129 [INFO] PluginManage:310 - Check plugin updater
2025-09-01 18:19:30,143 [INFO] PluginManage:359 - Loaded plugin updater (category:base,tabindex:12)
2025-09-01 18:19:30,143 [INFO] PluginManage:310 - Check plugin userauth
2025-09-01 18:19:30,146 [INFO] UserAuth:118 - Init User Auth plugin
2025-09-01 18:19:30,146 [INFO] PluginManage:359 - Loaded plugin userauth (category:base,tabindex:14)
2025-09-01 18:19:30,146 [INFO] PluginManage:283 - PluginManage : Loaded plugins [18]
2025-09-01 18:19:30,286 [INFO] PinOutPanel:1589 - setPackage(No Configuration,No Configuration)
2025-09-01 18:19:30,343 [INFO] CADModel:165 - CPN selected for project level
2025-09-01 18:19:30,343 [INFO] CADModel:114 - Register for checkConnection events
2025-09-01 18:19:30,354 [INFO] IPUIPlugin:80 - create IPUIPlugin
2025-09-01 18:19:30,354 [INFO] PluginManager:220 - loadIPPluginJar : add adc
2025-09-01 18:19:30,356 [INFO] IPUIPlugin:80 - create IPUIPlugin
2025-09-01 18:19:30,356 [INFO] PluginManager:220 - loadIPPluginJar : add aes
2025-09-01 18:19:30,358 [INFO] IPUIPlugin:80 - create IPUIPlugin
2025-09-01 18:19:30,358 [INFO] PluginManager:220 - loadIPPluginJar : add can
2025-09-01 18:19:30,359 [INFO] IPUIPlugin:80 - create IPUIPlugin
2025-09-01 18:19:30,359 [INFO] PluginManager:220 - loadIPPluginJar : add comp
2025-09-01 18:19:30,360 [INFO] IPUIPlugin:80 - create IPUIPlugin
2025-09-01 18:19:30,361 [INFO] PluginManager:220 - loadIPPluginJar : add cryp
2025-09-01 18:19:30,362 [INFO] IPUIPlugin:80 - create IPUIPlugin
2025-09-01 18:19:30,362 [INFO] PluginManager:220 - loadIPPluginJar : add ddr_ctrl_phy
2025-09-01 18:19:30,363 [INFO] IPUIPlugin:80 - create IPUIPlugin
2025-09-01 18:19:30,363 [INFO] PluginManager:220 - loadIPPluginJar : add dfsdm
2025-09-01 18:19:30,367 [INFO] IPUIPlugin:80 - create IPUIPlugin
2025-09-01 18:19:30,367 [INFO] PluginManager:220 - loadIPPluginJar : add dma
2025-09-01 18:19:30,369 [INFO] IPUIPlugin:80 - create IPUIPlugin
2025-09-01 18:19:30,369 [INFO] PluginManager:220 - loadIPPluginJar : add dma3
2025-09-01 18:19:30,371 [INFO] IPUIPlugin:80 - create IPUIPlugin
2025-09-01 18:19:30,371 [INFO] PluginManager:220 - loadIPPluginJar : add extmemmanager
2025-09-01 18:19:30,372 [INFO] IPUIPlugin:80 - create IPUIPlugin
2025-09-01 18:19:30,372 [INFO] PluginManager:220 - loadIPPluginJar : add fatfs
2025-09-01 18:19:30,375 [INFO] IPUIPlugin:80 - create IPUIPlugin
2025-09-01 18:19:30,375 [INFO] PluginManager:220 - loadIPPluginJar : add fmc
2025-09-01 18:19:30,380 [INFO] IPUIPlugin:80 - create IPUIPlugin
2025-09-01 18:19:30,380 [INFO] PluginManager:220 - loadIPPluginJar : add freertos
2025-09-01 18:19:30,381 [INFO] IPUIPlugin:80 - create IPUIPlugin
2025-09-01 18:19:30,381 [INFO] PluginManager:220 - loadIPPluginJar : add genericplugin
2025-09-01 18:19:30,382 [INFO] IPUIPlugin:80 - create IPUIPlugin
2025-09-01 18:19:30,382 [INFO] PluginManager:220 - loadIPPluginJar : add gfxmmu
2025-09-01 18:19:30,384 [INFO] IPUIPlugin:80 - create IPUIPlugin
2025-09-01 18:19:30,385 [INFO] PluginManager:220 - loadIPPluginJar : add gic
2025-09-01 18:19:30,387 [INFO] IPUIPlugin:80 - create IPUIPlugin
2025-09-01 18:19:30,387 [INFO] PluginManager:220 - loadIPPluginJar : add gpio
2025-09-01 18:19:30,390 [INFO] IPUIPlugin:80 - create IPUIPlugin
2025-09-01 18:19:30,390 [INFO] PluginManager:220 - loadIPPluginJar : add gtzc
2025-09-01 18:19:30,391 [INFO] IPUIPlugin:80 - create IPUIPlugin
2025-09-01 18:19:30,391 [INFO] PluginManager:220 - loadIPPluginJar : add hash
2025-09-01 18:19:30,392 [INFO] IPUIPlugin:80 - create IPUIPlugin
2025-09-01 18:19:30,392 [INFO] PluginManager:220 - loadIPPluginJar : add i2c
2025-09-01 18:19:30,393 [INFO] IPUIPlugin:80 - create IPUIPlugin
2025-09-01 18:19:30,393 [INFO] PluginManager:220 - loadIPPluginJar : add i2s
2025-09-01 18:19:30,395 [INFO] IPUIPlugin:80 - create IPUIPlugin
2025-09-01 18:19:30,396 [INFO] PluginManager:220 - loadIPPluginJar : add i3c
2025-09-01 18:19:30,397 [INFO] IPUIPlugin:80 - create IPUIPlugin
2025-09-01 18:19:30,397 [INFO] PluginManager:220 - loadIPPluginJar : add ipddr
2025-09-01 18:19:30,401 [INFO] IPUIPlugin:80 - create IPUIPlugin
2025-09-01 18:19:30,401 [INFO] PluginManager:220 - loadIPPluginJar : add linkedlist
2025-09-01 18:19:30,403 [INFO] IPUIPlugin:80 - create IPUIPlugin
2025-09-01 18:19:30,403 [INFO] PluginManager:220 - loadIPPluginJar : add lorawan
2025-09-01 18:19:30,404 [INFO] IPUIPlugin:80 - create IPUIPlugin
2025-09-01 18:19:30,404 [INFO] PluginManager:220 - loadIPPluginJar : add ltdc
2025-09-01 18:19:30,407 [INFO] IPUIPlugin:80 - create IPUIPlugin
2025-09-01 18:19:30,407 [INFO] PluginManager:220 - loadIPPluginJar : add mdma
2025-09-01 18:19:30,409 [INFO] IPUIPlugin:80 - create IPUIPlugin
2025-09-01 18:19:30,410 [INFO] PluginManager:220 - loadIPPluginJar : add nvic
2025-09-01 18:19:30,411 [INFO] IPUIPlugin:80 - create IPUIPlugin
2025-09-01 18:19:30,411 [INFO] PluginManager:220 - loadIPPluginJar : add opamp
2025-09-01 18:19:30,412 [INFO] IPUIPlugin:80 - create IPUIPlugin
2025-09-01 18:19:30,412 [INFO] PluginManager:220 - loadIPPluginJar : add openamp
2025-09-01 18:19:30,414 [INFO] IPUIPlugin:80 - create IPUIPlugin
2025-09-01 18:19:30,414 [INFO] PluginManager:220 - loadIPPluginJar : add pdm2pcm
2025-09-01 18:19:30,417 [INFO] IPUIPlugin:80 - create IPUIPlugin
2025-09-01 18:19:30,419 [INFO] PluginManager:220 - loadIPPluginJar : add plateformsettings
2025-09-01 18:19:30,420 [INFO] IPUIPlugin:80 - create IPUIPlugin
2025-09-01 18:19:30,420 [INFO] PluginManager:220 - loadIPPluginJar : add quadspi
2025-09-01 18:19:30,421 [INFO] IPUIPlugin:80 - create IPUIPlugin
2025-09-01 18:19:30,421 [INFO] PluginManager:220 - loadIPPluginJar : add radio
2025-09-01 18:19:30,424 [INFO] IPUIPlugin:80 - create IPUIPlugin
2025-09-01 18:19:30,424 [INFO] PluginManager:220 - loadIPPluginJar : add resmgrutility
2025-09-01 18:19:30,425 [INFO] IPUIPlugin:80 - create IPUIPlugin
2025-09-01 18:19:30,425 [INFO] PluginManager:220 - loadIPPluginJar : add sai
2025-09-01 18:19:30,426 [INFO] IPUIPlugin:80 - create IPUIPlugin
2025-09-01 18:19:30,426 [INFO] PluginManager:220 - loadIPPluginJar : add spi
2025-09-01 18:19:30,431 [INFO] IPUIPlugin:80 - create IPUIPlugin
2025-09-01 18:19:30,431 [INFO] PluginManager:220 - loadIPPluginJar : add stm32_wpan
2025-09-01 18:19:30,432 [INFO] IPUIPlugin:80 - create IPUIPlugin
2025-09-01 18:19:30,432 [INFO] PluginManager:220 - loadIPPluginJar : add tim
2025-09-01 18:19:30,434 [INFO] IPUIPlugin:80 - create IPUIPlugin
2025-09-01 18:19:30,434 [INFO] PluginManager:220 - loadIPPluginJar : add touchsensing
2025-09-01 18:19:30,436 [INFO] IPUIPlugin:80 - create IPUIPlugin
2025-09-01 18:19:30,436 [INFO] PluginManager:220 - loadIPPluginJar : add tracer_emb
2025-09-01 18:19:30,437 [INFO] IPUIPlugin:80 - create IPUIPlugin
2025-09-01 18:19:30,437 [INFO] PluginManager:220 - loadIPPluginJar : add ts
2025-09-01 18:19:30,438 [INFO] IPUIPlugin:80 - create IPUIPlugin
2025-09-01 18:19:30,438 [INFO] PluginManager:220 - loadIPPluginJar : add tsc
2025-09-01 18:19:30,439 [INFO] IPUIPlugin:80 - create IPUIPlugin
2025-09-01 18:19:30,439 [INFO] PluginManager:220 - loadIPPluginJar : add ucpd
2025-09-01 18:19:30,440 [INFO] IPUIPlugin:80 - create IPUIPlugin
2025-09-01 18:19:30,440 [INFO] PluginManager:220 - loadIPPluginJar : add usart
2025-09-01 18:19:30,442 [INFO] IPUIPlugin:80 - create IPUIPlugin
2025-09-01 18:19:30,442 [INFO] PluginManager:220 - loadIPPluginJar : add usbx
2025-09-01 18:19:30,567 [FATAL] Updater:351 - Updater called before beeing initialized
2025-09-01 18:19:30,598 [INFO] RulesReader:64 - Compatibility file has been processed (317 Rules)
2025-09-01 18:19:30,613 [INFO] RulesReader:64 - Compatibility file has been processed (317 Rules)
2025-09-01 18:19:30,626 [INFO] CADModel:165 - CPN selected for project level
2025-09-01 18:19:30,626 [INFO] CADModel:114 - Register for checkConnection events
2025-09-01 18:19:30,626 [FATAL] Updater:351 - Updater called before beeing initialized
2025-09-01 18:19:30,626 [ERROR] CADModel:125 - Updater not yet initialized, retry later 
2025-09-01 18:19:30,758 [FATAL] Updater:351 - Updater called before beeing initialized
2025-09-01 18:19:30,759 [INFO] CADModel:165 - CPN selected for project level
2025-09-01 18:19:30,759 [INFO] CADModel:114 - Register for checkConnection events
2025-09-01 18:19:30,759 [FATAL] Updater:351 - Updater called before beeing initialized
2025-09-01 18:19:30,759 [ERROR] CADModel:125 - Updater not yet initialized, retry later 
2025-09-01 18:19:30,762 [FATAL] Updater:351 - Updater called before beeing initialized
2025-09-01 18:19:30,836 [FATAL] Updater:351 - Updater called before beeing initialized
2025-09-01 18:19:30,840 [INFO] DbMcusAds:53 - JSON generation date=Thu Sep 30 09:55:09 EEST 2021 (1632984909247)
2025-09-01 18:19:30,840 [FATAL] Updater:351 - Updater called before beeing initialized
2025-09-01 18:19:30,864 [WARN] DetailPanel:346 - Failed to get advertising image, set to default
2025-09-01 18:19:30,916 [FATAL] Updater:351 - Updater called before beeing initialized
2025-09-01 18:19:30,918 [FATAL] Updater:351 - Updater called before beeing initialized
2025-09-01 18:19:30,918 [FATAL] Updater:351 - Updater called before beeing initialized
2025-09-01 18:19:30,918 [WARN] DetailPanel:346 - Failed to get advertising image, set to default
2025-09-01 18:19:30,919 [FATAL] Updater:351 - Updater called before beeing initialized
2025-09-01 18:19:30,955 [ERROR] Updater:1198 - MainUpdater not yet initialized. External WinMGr cannot be set.
2025-09-01 18:19:30,956 [INFO] Updater:1134 - Updater Version found : 6.15.0
2025-09-01 18:19:30,968 [INFO] ApplicationProperties:184 - Using Application install path: C:\ST\STM32CubeIDE_1.19.0\STM32CubeIDE\plugins\com.st.stm32cube.common.mx_6.15.0.202507011659
2025-09-01 18:19:32,541 [ERROR] LogOutputStream:75 - [STDERR_REDIRECT] Sep 01, 2025 6:19:32 PM java.util.prefs.WindowsPreferences <init>
2025-09-01 18:19:32,543 [ERROR] LogOutputStream:75 - [STDERR_REDIRECT] WARNING: Could not open/create prefs root node Software\JavaSoft\Prefs at root 0xffffffff80000002. Windows RegCreateKeyEx(...) returned error code 5.
2025-09-01 18:19:32,543 [ERROR] LogOutputStream:75 - [STDERR_REDIRECT] 
2025-09-01 18:19:32,862 [ERROR] CheckConnectionManager:249 - Problem, Http access forbiden
2025-09-01 18:19:32,868 [INFO] MainUpdater:2872 - connection check result : 22
2025-09-01 18:19:32,870 [INFO] MainUpdater:289 - Updater Check For Update Now.
2025-09-01 18:19:32,870 [INFO] MicroXplorer:498 - Change Database Version : DB.6.0.150
2025-09-01 18:19:32,885 [INFO] McuFinderGlobals:63 - Set McuFinder mode to 2 (CubeIDE integrated)
2025-09-01 18:19:32,886 [INFO] UserAuth:171 - activating auth plugin
2025-09-01 18:19:32,895 [INFO] UserAuth:487 - Internet connection configuration mode: 2
2025-09-01 18:19:32,925 [INFO] UserAuth:487 - Internet connection configuration mode: 2
2025-09-01 18:19:33,058 [WARN] MainUpdater:1193 - Updater busy. Cannot search thirdparties
2025-09-01 18:19:33,058 [INFO] ThirdPartyUpdaterWithRetryManager:96 - Updater plugin is busy. [1/15]
2025-09-01 18:19:33,060 [INFO] CheckServerUpdateThread:120 - End of CheckServer Thread
2025-09-01 18:19:33,126 [ERROR] LogOutputStream:75 - [STDERR_REDIRECT] [Fatal Error] :1:1: Premature end of file.
2025-09-01 18:19:33,126 [ERROR] LogOutputStream:75 - [STDERR_REDIRECT] 
2025-09-01 18:19:34,015 [ERROR] LogOutputStream:75 - [STDERR_REDIRECT] [Fatal Error] :1:1: Premature end of file.
2025-09-01 18:19:34,015 [ERROR] LogOutputStream:75 - [STDERR_REDIRECT] 
2025-09-01 18:19:35,002 [ERROR] LogOutputStream:75 - [STDERR_REDIRECT] [Fatal Error] :1:1: Premature end of file.
2025-09-01 18:19:35,002 [ERROR] LogOutputStream:75 - [STDERR_REDIRECT] 
2025-09-01 18:19:36,006 [ERROR] LogOutputStream:75 - [STDERR_REDIRECT] [Fatal Error] :1:1: Premature end of file.
2025-09-01 18:19:36,006 [ERROR] LogOutputStream:75 - [STDERR_REDIRECT] 
2025-09-01 18:19:36,125 [INFO] ThirdParty:978 - Integrity check success = true
2025-09-01 18:19:36,125 [INFO] IntegrityCheckThread:100 - exiting critical section [integrity check]
2025-09-01 18:19:36,125 [INFO] IntegrityCheckThread:103 - End integrity checks thread
2025-09-01 18:19:36,994 [ERROR] LogOutputStream:75 - [STDERR_REDIRECT] [Fatal Error] :1:1: Premature end of file.
2025-09-01 18:19:36,994 [ERROR] LogOutputStream:75 - [STDERR_REDIRECT] 
2025-09-01 18:19:38,009 [ERROR] LogOutputStream:75 - [STDERR_REDIRECT] [Fatal Error] :1:1: Premature end of file.
2025-09-01 18:19:38,009 [ERROR] LogOutputStream:75 - [STDERR_REDIRECT] 
2025-09-01 18:19:38,995 [ERROR] LogOutputStream:75 - [STDERR_REDIRECT] [Fatal Error] :1:1: Premature end of file.
2025-09-01 18:19:38,996 [ERROR] LogOutputStream:75 - [STDERR_REDIRECT] 
2025-09-01 18:19:40,012 [ERROR] LogOutputStream:75 - [STDERR_REDIRECT] [Fatal Error] :1:1: Premature end of file.
2025-09-01 18:19:40,012 [ERROR] LogOutputStream:75 - [STDERR_REDIRECT] 
2025-09-01 18:19:41,005 [ERROR] LogOutputStream:75 - [STDERR_REDIRECT] [Fatal Error] :1:1: Premature end of file.
2025-09-01 18:19:41,005 [ERROR] LogOutputStream:75 - [STDERR_REDIRECT] 
2025-09-01 18:19:42,004 [ERROR] LogOutputStream:75 - [STDERR_REDIRECT] [Fatal Error] :1:1: Premature end of file.
2025-09-01 18:19:42,004 [ERROR] LogOutputStream:75 - [STDERR_REDIRECT] 
2025-09-01 18:19:43,014 [ERROR] LogOutputStream:75 - [STDERR_REDIRECT] [Fatal Error] :1:1: Premature end of file.
2025-09-01 18:19:43,015 [ERROR] LogOutputStream:75 - [STDERR_REDIRECT] 
2025-09-01 18:19:44,011 [ERROR] LogOutputStream:75 - [STDERR_REDIRECT] [Fatal Error] :1:1: Premature end of file.
2025-09-01 18:19:44,012 [ERROR] LogOutputStream:75 - [STDERR_REDIRECT] 
2025-09-01 18:19:44,999 [ERROR] LogOutputStream:75 - [STDERR_REDIRECT] [Fatal Error] :1:1: Premature end of file.
2025-09-01 18:19:44,999 [ERROR] LogOutputStream:75 - [STDERR_REDIRECT] 
2025-09-01 18:19:46,007 [ERROR] LogOutputStream:75 - [STDERR_REDIRECT] [Fatal Error] :1:1: Premature end of file.
2025-09-01 18:19:46,007 [ERROR] LogOutputStream:75 - [STDERR_REDIRECT] 
2025-09-01 18:19:47,002 [ERROR] LogOutputStream:75 - [STDERR_REDIRECT] [Fatal Error] :1:1: Premature end of file.
2025-09-01 18:19:47,002 [ERROR] LogOutputStream:75 - [STDERR_REDIRECT] 
2025-09-01 18:19:48,007 [ERROR] LogOutputStream:75 - [STDERR_REDIRECT] [Fatal Error] :1:1: Premature end of file.
2025-09-01 18:19:48,007 [ERROR] LogOutputStream:75 - [STDERR_REDIRECT] 
2025-09-01 18:19:49,005 [ERROR] LogOutputStream:75 - [STDERR_REDIRECT] [Fatal Error] :1:1: Premature end of file.
2025-09-01 18:19:49,005 [ERROR] LogOutputStream:75 - [STDERR_REDIRECT] 
2025-09-01 18:19:50,014 [ERROR] LogOutputStream:75 - [STDERR_REDIRECT] [Fatal Error] :1:1: Premature end of file.
2025-09-01 18:19:50,014 [ERROR] LogOutputStream:75 - [STDERR_REDIRECT] 
2025-09-01 18:19:51,002 [ERROR] LogOutputStream:75 - [STDERR_REDIRECT] [Fatal Error] :1:1: Premature end of file.
2025-09-01 18:19:51,002 [ERROR] LogOutputStream:75 - [STDERR_REDIRECT] 
2025-09-01 18:19:52,004 [ERROR] LogOutputStream:75 - [STDERR_REDIRECT] [Fatal Error] :1:1: Premature end of file.
2025-09-01 18:19:52,004 [ERROR] LogOutputStream:75 - [STDERR_REDIRECT] 
2025-09-01 18:19:53,010 [ERROR] LogOutputStream:75 - [STDERR_REDIRECT] [Fatal Error] :1:1: Premature end of file.
2025-09-01 18:19:53,010 [ERROR] LogOutputStream:75 - [STDERR_REDIRECT] 
2025-09-01 18:19:54,000 [ERROR] LogOutputStream:75 - [STDERR_REDIRECT] [Fatal Error] :1:1: Premature end of file.
2025-09-01 18:19:54,000 [ERROR] LogOutputStream:75 - [STDERR_REDIRECT] 
2025-09-01 18:19:55,000 [ERROR] LogOutputStream:75 - [STDERR_REDIRECT] [Fatal Error] :1:1: Premature end of file.
2025-09-01 18:19:55,000 [ERROR] LogOutputStream:75 - [STDERR_REDIRECT] 
2025-09-01 18:19:55,996 [ERROR] LogOutputStream:75 - [STDERR_REDIRECT] [Fatal Error] :1:1: Premature end of file.
2025-09-01 18:19:55,996 [ERROR] LogOutputStream:75 - [STDERR_REDIRECT] 
2025-09-01 18:19:57,036 [ERROR] LogOutputStream:75 - [STDERR_REDIRECT] [Fatal Error] :1:1: Premature end of file.
2025-09-01 18:19:57,038 [ERROR] LogOutputStream:75 - [STDERR_REDIRECT] 
2025-09-01 18:19:57,997 [ERROR] LogOutputStream:75 - [STDERR_REDIRECT] [Fatal Error] :1:1: Premature end of file.
2025-09-01 18:19:57,997 [ERROR] LogOutputStream:75 - [STDERR_REDIRECT] 
2025-09-01 18:19:59,002 [ERROR] LogOutputStream:75 - [STDERR_REDIRECT] [Fatal Error] :1:1: Premature end of file.
2025-09-01 18:19:59,004 [ERROR] LogOutputStream:75 - [STDERR_REDIRECT] 
2025-09-01 18:20:00,009 [ERROR] LogOutputStream:75 - [STDERR_REDIRECT] [Fatal Error] :1:1: Premature end of file.
2025-09-01 18:20:00,010 [ERROR] LogOutputStream:75 - [STDERR_REDIRECT] 
2025-09-01 18:20:01,003 [ERROR] LogOutputStream:75 - [STDERR_REDIRECT] [Fatal Error] :1:1: Premature end of file.
2025-09-01 18:20:01,004 [ERROR] LogOutputStream:75 - [STDERR_REDIRECT] 
2025-09-01 18:20:02,007 [ERROR] LogOutputStream:75 - [STDERR_REDIRECT] [Fatal Error] :1:1: Premature end of file.
2025-09-01 18:20:02,007 [ERROR] LogOutputStream:75 - [STDERR_REDIRECT] 
2025-09-01 18:20:02,996 [ERROR] LogOutputStream:75 - [STDERR_REDIRECT] [Fatal Error] :1:1: Premature end of file.
2025-09-01 18:20:02,996 [ERROR] LogOutputStream:75 - [STDERR_REDIRECT] 
2025-09-01 18:20:04,015 [ERROR] LogOutputStream:75 - [STDERR_REDIRECT] [Fatal Error] :1:1: Premature end of file.
2025-09-01 18:20:04,016 [ERROR] LogOutputStream:75 - [STDERR_REDIRECT] 
2025-09-01 18:20:05,013 [ERROR] LogOutputStream:75 - [STDERR_REDIRECT] [Fatal Error] :1:1: Premature end of file.
2025-09-01 18:20:05,013 [ERROR] LogOutputStream:75 - [STDERR_REDIRECT] 
2025-09-01 18:20:05,999 [ERROR] LogOutputStream:75 - [STDERR_REDIRECT] [Fatal Error] :1:1: Premature end of file.
2025-09-01 18:20:06,000 [ERROR] LogOutputStream:75 - [STDERR_REDIRECT] 
2025-09-01 18:20:06,998 [ERROR] LogOutputStream:75 - [STDERR_REDIRECT] [Fatal Error] :1:1: Premature end of file.
2025-09-01 18:20:06,999 [ERROR] LogOutputStream:75 - [STDERR_REDIRECT] 
2025-09-01 18:20:07,990 [ERROR] LogOutputStream:75 - [STDERR_REDIRECT] [Fatal Error] :1:1: Premature end of file.
2025-09-01 18:20:07,991 [ERROR] LogOutputStream:75 - [STDERR_REDIRECT] 
2025-09-01 18:20:08,999 [ERROR] LogOutputStream:75 - [STDERR_REDIRECT] [Fatal Error] :1:1: Premature end of file.
2025-09-01 18:20:08,999 [ERROR] LogOutputStream:75 - [STDERR_REDIRECT] 
2025-09-01 18:20:10,009 [ERROR] LogOutputStream:75 - [STDERR_REDIRECT] [Fatal Error] :1:1: Premature end of file.
2025-09-01 18:20:10,009 [ERROR] LogOutputStream:75 - [STDERR_REDIRECT] 
2025-09-01 18:20:11,004 [ERROR] LogOutputStream:75 - [STDERR_REDIRECT] [Fatal Error] :1:1: Premature end of file.
2025-09-01 18:20:11,004 [ERROR] LogOutputStream:75 - [STDERR_REDIRECT] 
2025-09-01 18:20:12,002 [ERROR] LogOutputStream:75 - [STDERR_REDIRECT] [Fatal Error] :1:1: Premature end of file.
2025-09-01 18:20:12,002 [ERROR] LogOutputStream:75 - [STDERR_REDIRECT] 
2025-09-01 18:20:13,016 [ERROR] LogOutputStream:75 - [STDERR_REDIRECT] [Fatal Error] :1:1: Premature end of file.
2025-09-01 18:20:13,016 [ERROR] LogOutputStream:75 - [STDERR_REDIRECT] 
2025-09-01 18:20:14,014 [ERROR] LogOutputStream:75 - [STDERR_REDIRECT] [Fatal Error] :1:1: Premature end of file.
2025-09-01 18:20:14,014 [ERROR] LogOutputStream:75 - [STDERR_REDIRECT] 
2025-09-01 18:20:15,009 [ERROR] LogOutputStream:75 - [STDERR_REDIRECT] [Fatal Error] :1:1: Premature end of file.
2025-09-01 18:20:15,009 [ERROR] LogOutputStream:75 - [STDERR_REDIRECT] 
2025-09-01 18:20:16,008 [ERROR] LogOutputStream:75 - [STDERR_REDIRECT] [Fatal Error] :1:1: Premature end of file.
2025-09-01 18:20:16,009 [ERROR] LogOutputStream:75 - [STDERR_REDIRECT] 
2025-09-01 18:20:17,003 [ERROR] LogOutputStream:75 - [STDERR_REDIRECT] [Fatal Error] :1:1: Premature end of file.
2025-09-01 18:20:17,003 [ERROR] LogOutputStream:75 - [STDERR_REDIRECT] 
2025-09-01 18:20:18,008 [ERROR] LogOutputStream:75 - [STDERR_REDIRECT] [Fatal Error] :1:1: Premature end of file.
2025-09-01 18:20:18,009 [ERROR] LogOutputStream:75 - [STDERR_REDIRECT] 
2025-09-01 18:20:19,016 [ERROR] LogOutputStream:75 - [STDERR_REDIRECT] [Fatal Error] :1:1: Premature end of file.
2025-09-01 18:20:19,016 [ERROR] LogOutputStream:75 - [STDERR_REDIRECT] 
2025-09-01 18:20:20,001 [ERROR] LogOutputStream:75 - [STDERR_REDIRECT] [Fatal Error] :1:1: Premature end of file.
2025-09-01 18:20:20,001 [ERROR] LogOutputStream:75 - [STDERR_REDIRECT] 
2025-09-01 18:20:21,007 [ERROR] LogOutputStream:75 - [STDERR_REDIRECT] [Fatal Error] :1:1: Premature end of file.
2025-09-01 18:20:21,007 [ERROR] LogOutputStream:75 - [STDERR_REDIRECT] 
2025-09-01 18:20:22,001 [ERROR] LogOutputStream:75 - [STDERR_REDIRECT] [Fatal Error] :1:1: Premature end of file.
2025-09-01 18:20:22,001 [ERROR] LogOutputStream:75 - [STDERR_REDIRECT] 
2025-09-01 18:20:23,011 [ERROR] LogOutputStream:75 - [STDERR_REDIRECT] [Fatal Error] :1:1: Premature end of file.
2025-09-01 18:20:23,012 [ERROR] LogOutputStream:75 - [STDERR_REDIRECT] 
2025-09-01 18:20:24,015 [ERROR] LogOutputStream:75 - [STDERR_REDIRECT] [Fatal Error] :1:1: Premature end of file.
2025-09-01 18:20:24,015 [ERROR] LogOutputStream:75 - [STDERR_REDIRECT] 
2025-09-01 18:20:25,009 [ERROR] LogOutputStream:75 - [STDERR_REDIRECT] [Fatal Error] :1:1: Premature end of file.
2025-09-01 18:20:25,010 [ERROR] LogOutputStream:75 - [STDERR_REDIRECT] 
2025-09-01 18:20:26,006 [ERROR] LogOutputStream:75 - [STDERR_REDIRECT] [Fatal Error] :1:1: Premature end of file.
2025-09-01 18:20:26,007 [ERROR] LogOutputStream:75 - [STDERR_REDIRECT] 
2025-09-01 18:20:27,001 [ERROR] LogOutputStream:75 - [STDERR_REDIRECT] [Fatal Error] :1:1: Premature end of file.
2025-09-01 18:20:27,001 [ERROR] LogOutputStream:75 - [STDERR_REDIRECT] 
2025-09-01 18:20:28,011 [ERROR] LogOutputStream:75 - [STDERR_REDIRECT] [Fatal Error] :1:1: Premature end of file.
2025-09-01 18:20:28,011 [ERROR] LogOutputStream:75 - [STDERR_REDIRECT] 
2025-09-01 18:20:28,999 [ERROR] LogOutputStream:75 - [STDERR_REDIRECT] [Fatal Error] :1:1: Premature end of file.
2025-09-01 18:20:28,999 [ERROR] LogOutputStream:75 - [STDERR_REDIRECT] 
2025-09-01 18:20:30,014 [ERROR] LogOutputStream:75 - [STDERR_REDIRECT] [Fatal Error] :1:1: Premature end of file.
2025-09-01 18:20:30,014 [ERROR] LogOutputStream:75 - [STDERR_REDIRECT] 
2025-09-01 18:20:31,009 [ERROR] LogOutputStream:75 - [STDERR_REDIRECT] [Fatal Error] :1:1: Premature end of file.
2025-09-01 18:20:31,009 [ERROR] LogOutputStream:75 - [STDERR_REDIRECT] 
2025-09-01 18:20:32,012 [ERROR] LogOutputStream:75 - [STDERR_REDIRECT] [Fatal Error] :1:1: Premature end of file.
2025-09-01 18:20:32,012 [ERROR] LogOutputStream:75 - [STDERR_REDIRECT] 
2025-09-01 18:20:33,012 [ERROR] LogOutputStream:75 - [STDERR_REDIRECT] [Fatal Error] :1:1: Premature end of file.
2025-09-01 18:20:33,012 [ERROR] LogOutputStream:75 - [STDERR_REDIRECT] 
2025-09-01 18:20:34,014 [ERROR] LogOutputStream:75 - [STDERR_REDIRECT] [Fatal Error] :1:1: Premature end of file.
2025-09-01 18:20:34,015 [ERROR] LogOutputStream:75 - [STDERR_REDIRECT] 
2025-09-01 18:20:35,016 [ERROR] LogOutputStream:75 - [STDERR_REDIRECT] [Fatal Error] :1:1: Premature end of file.
2025-09-01 18:20:35,016 [ERROR] LogOutputStream:75 - [STDERR_REDIRECT] 
2025-09-01 18:20:35,998 [ERROR] LogOutputStream:75 - [STDERR_REDIRECT] [Fatal Error] :1:1: Premature end of file.
2025-09-01 18:20:35,998 [ERROR] LogOutputStream:75 - [STDERR_REDIRECT] 
2025-09-01 18:20:36,994 [ERROR] LogOutputStream:75 - [STDERR_REDIRECT] [Fatal Error] :1:1: Premature end of file.
2025-09-01 18:20:36,994 [ERROR] LogOutputStream:75 - [STDERR_REDIRECT] 
2025-09-01 18:20:38,000 [ERROR] LogOutputStream:75 - [STDERR_REDIRECT] [Fatal Error] :1:1: Premature end of file.
2025-09-01 18:20:38,000 [ERROR] LogOutputStream:75 - [STDERR_REDIRECT] 
2025-09-01 18:20:39,012 [ERROR] LogOutputStream:75 - [STDERR_REDIRECT] [Fatal Error] :1:1: Premature end of file.
2025-09-01 18:20:39,012 [ERROR] LogOutputStream:75 - [STDERR_REDIRECT] 
2025-09-01 18:20:39,994 [ERROR] LogOutputStream:75 - [STDERR_REDIRECT] [Fatal Error] :1:1: Premature end of file.
2025-09-01 18:20:39,994 [ERROR] LogOutputStream:75 - [STDERR_REDIRECT] 
2025-09-01 18:20:40,999 [ERROR] LogOutputStream:75 - [STDERR_REDIRECT] [Fatal Error] :1:1: Premature end of file.
2025-09-01 18:20:41,000 [ERROR] LogOutputStream:75 - [STDERR_REDIRECT] 
2025-09-01 18:20:42,011 [ERROR] LogOutputStream:75 - [STDERR_REDIRECT] [Fatal Error] :1:1: Premature end of file.
2025-09-01 18:20:42,011 [ERROR] LogOutputStream:75 - [STDERR_REDIRECT] 
2025-09-01 18:20:43,011 [ERROR] LogOutputStream:75 - [STDERR_REDIRECT] [Fatal Error] :1:1: Premature end of file.
2025-09-01 18:20:43,011 [ERROR] LogOutputStream:75 - [STDERR_REDIRECT] 
2025-09-01 18:20:44,004 [ERROR] LogOutputStream:75 - [STDERR_REDIRECT] [Fatal Error] :1:1: Premature end of file.
2025-09-01 18:20:44,006 [ERROR] LogOutputStream:75 - [STDERR_REDIRECT] 
2025-09-01 18:20:45,013 [ERROR] LogOutputStream:75 - [STDERR_REDIRECT] [Fatal Error] :1:1: Premature end of file.
2025-09-01 18:20:45,013 [ERROR] LogOutputStream:75 - [STDERR_REDIRECT] 
2025-09-01 18:20:46,015 [ERROR] LogOutputStream:75 - [STDERR_REDIRECT] [Fatal Error] :1:1: Premature end of file.
2025-09-01 18:20:46,016 [ERROR] LogOutputStream:75 - [STDERR_REDIRECT] 
2025-09-01 18:20:47,007 [ERROR] LogOutputStream:75 - [STDERR_REDIRECT] [Fatal Error] :1:1: Premature end of file.
2025-09-01 18:20:47,008 [ERROR] LogOutputStream:75 - [STDERR_REDIRECT] 
2025-09-01 18:20:48,014 [ERROR] LogOutputStream:75 - [STDERR_REDIRECT] [Fatal Error] :1:1: Premature end of file.
2025-09-01 18:20:48,015 [ERROR] LogOutputStream:75 - [STDERR_REDIRECT] 
2025-09-01 18:20:49,009 [ERROR] LogOutputStream:75 - [STDERR_REDIRECT] [Fatal Error] :1:1: Premature end of file.
2025-09-01 18:20:49,009 [ERROR] LogOutputStream:75 - [STDERR_REDIRECT] 
2025-09-01 18:20:49,997 [ERROR] LogOutputStream:75 - [STDERR_REDIRECT] [Fatal Error] :1:1: Premature end of file.
2025-09-01 18:20:49,998 [ERROR] LogOutputStream:75 - [STDERR_REDIRECT] 
2025-09-01 18:20:51,003 [ERROR] LogOutputStream:75 - [STDERR_REDIRECT] [Fatal Error] :1:1: Premature end of file.
2025-09-01 18:20:51,003 [ERROR] LogOutputStream:75 - [STDERR_REDIRECT] 
2025-09-01 18:20:51,998 [ERROR] LogOutputStream:75 - [STDERR_REDIRECT] [Fatal Error] :1:1: Premature end of file.
2025-09-01 18:20:51,999 [ERROR] LogOutputStream:75 - [STDERR_REDIRECT] 
2025-09-01 18:20:53,005 [ERROR] LogOutputStream:75 - [STDERR_REDIRECT] [Fatal Error] :1:1: Premature end of file.
2025-09-01 18:20:53,005 [ERROR] LogOutputStream:75 - [STDERR_REDIRECT] 
2025-09-01 18:20:54,051 [ERROR] LogOutputStream:75 - [STDERR_REDIRECT] [Fatal Error] :1:1: Premature end of file.
2025-09-01 18:20:54,051 [ERROR] LogOutputStream:75 - [STDERR_REDIRECT] 
2025-09-01 18:20:55,013 [ERROR] LogOutputStream:75 - [STDERR_REDIRECT] [Fatal Error] :1:1: Premature end of file.
2025-09-01 18:20:55,013 [ERROR] LogOutputStream:75 - [STDERR_REDIRECT] 
2025-09-01 18:20:56,006 [ERROR] LogOutputStream:75 - [STDERR_REDIRECT] [Fatal Error] :1:1: Premature end of file.
2025-09-01 18:20:56,007 [ERROR] LogOutputStream:75 - [STDERR_REDIRECT] 
2025-09-01 18:20:57,000 [ERROR] LogOutputStream:75 - [STDERR_REDIRECT] [Fatal Error] :1:1: Premature end of file.
2025-09-01 18:20:57,001 [ERROR] LogOutputStream:75 - [STDERR_REDIRECT] 
2025-09-01 18:20:58,010 [ERROR] LogOutputStream:75 - [STDERR_REDIRECT] [Fatal Error] :1:1: Premature end of file.
2025-09-01 18:20:58,010 [ERROR] LogOutputStream:75 - [STDERR_REDIRECT] 
2025-09-01 18:20:59,000 [ERROR] LogOutputStream:75 - [STDERR_REDIRECT] [Fatal Error] :1:1: Premature end of file.
2025-09-01 18:20:59,000 [ERROR] LogOutputStream:75 - [STDERR_REDIRECT] 
2025-09-01 18:21:00,013 [ERROR] LogOutputStream:75 - [STDERR_REDIRECT] [Fatal Error] :1:1: Premature end of file.
2025-09-01 18:21:00,013 [ERROR] LogOutputStream:75 - [STDERR_REDIRECT] 
2025-09-01 18:21:01,010 [ERROR] LogOutputStream:75 - [STDERR_REDIRECT] [Fatal Error] :1:1: Premature end of file.
2025-09-01 18:21:01,010 [ERROR] LogOutputStream:75 - [STDERR_REDIRECT] 
2025-09-01 18:21:02,007 [ERROR] LogOutputStream:75 - [STDERR_REDIRECT] [Fatal Error] :1:1: Premature end of file.
2025-09-01 18:21:02,007 [ERROR] LogOutputStream:75 - [STDERR_REDIRECT] 
2025-09-01 18:21:02,999 [ERROR] LogOutputStream:75 - [STDERR_REDIRECT] [Fatal Error] :1:1: Premature end of file.
2025-09-01 18:21:03,000 [ERROR] LogOutputStream:75 - [STDERR_REDIRECT] 
2025-09-01 18:21:04,010 [ERROR] LogOutputStream:75 - [STDERR_REDIRECT] [Fatal Error] :1:1: Premature end of file.
2025-09-01 18:21:04,011 [ERROR] LogOutputStream:75 - [STDERR_REDIRECT] 
2025-09-01 18:21:05,012 [ERROR] LogOutputStream:75 - [STDERR_REDIRECT] [Fatal Error] :1:1: Premature end of file.
2025-09-01 18:21:05,013 [ERROR] LogOutputStream:75 - [STDERR_REDIRECT] 
2025-09-01 18:21:06,013 [ERROR] LogOutputStream:75 - [STDERR_REDIRECT] [Fatal Error] :1:1: Premature end of file.
2025-09-01 18:21:06,014 [ERROR] LogOutputStream:75 - [STDERR_REDIRECT] 
2025-09-01 18:21:06,999 [ERROR] LogOutputStream:75 - [STDERR_REDIRECT] [Fatal Error] :1:1: Premature end of file.
2025-09-01 18:21:06,999 [ERROR] LogOutputStream:75 - [STDERR_REDIRECT] 
2025-09-01 18:21:08,004 [ERROR] LogOutputStream:75 - [STDERR_REDIRECT] [Fatal Error] :1:1: Premature end of file.
2025-09-01 18:21:08,004 [ERROR] LogOutputStream:75 - [STDERR_REDIRECT] 
2025-09-01 18:21:09,012 [ERROR] LogOutputStream:75 - [STDERR_REDIRECT] [Fatal Error] :1:1: Premature end of file.
2025-09-01 18:21:09,013 [ERROR] LogOutputStream:75 - [STDERR_REDIRECT] 
2025-09-01 18:21:10,018 [ERROR] LogOutputStream:75 - [STDERR_REDIRECT] [Fatal Error] :1:1: Premature end of file.
2025-09-01 18:21:10,019 [ERROR] LogOutputStream:75 - [STDERR_REDIRECT] 
2025-09-01 18:21:11,015 [ERROR] LogOutputStream:75 - [STDERR_REDIRECT] [Fatal Error] :1:1: Premature end of file.
2025-09-01 18:21:11,015 [ERROR] LogOutputStream:75 - [STDERR_REDIRECT] 
2025-09-01 18:21:12,014 [ERROR] LogOutputStream:75 - [STDERR_REDIRECT] [Fatal Error] :1:1: Premature end of file.
2025-09-01 18:21:12,014 [ERROR] LogOutputStream:75 - [STDERR_REDIRECT] 
2025-09-01 18:21:12,998 [ERROR] LogOutputStream:75 - [STDERR_REDIRECT] [Fatal Error] :1:1: Premature end of file.
2025-09-01 18:21:12,998 [ERROR] LogOutputStream:75 - [STDERR_REDIRECT] 
2025-09-01 18:21:14,004 [ERROR] LogOutputStream:75 - [STDERR_REDIRECT] [Fatal Error] :1:1: Premature end of file.
2025-09-01 18:21:14,005 [ERROR] LogOutputStream:75 - [STDERR_REDIRECT] 
2025-09-01 18:21:14,998 [ERROR] LogOutputStream:75 - [STDERR_REDIRECT] [Fatal Error] :1:1: Premature end of file.
2025-09-01 18:21:14,998 [ERROR] LogOutputStream:75 - [STDERR_REDIRECT] 
2025-09-01 18:21:16,014 [ERROR] LogOutputStream:75 - [STDERR_REDIRECT] [Fatal Error] :1:1: Premature end of file.
2025-09-01 18:21:16,014 [ERROR] LogOutputStream:75 - [STDERR_REDIRECT] 
2025-09-01 18:21:16,996 [ERROR] LogOutputStream:75 - [STDERR_REDIRECT] [Fatal Error] :1:1: Premature end of file.
2025-09-01 18:21:16,996 [ERROR] LogOutputStream:75 - [STDERR_REDIRECT] 
2025-09-01 18:21:17,996 [ERROR] LogOutputStream:75 - [STDERR_REDIRECT] [Fatal Error] :1:1: Premature end of file.
2025-09-01 18:21:17,996 [ERROR] LogOutputStream:75 - [STDERR_REDIRECT] 
2025-09-01 18:21:18,998 [ERROR] LogOutputStream:75 - [STDERR_REDIRECT] [Fatal Error] :1:1: Premature end of file.
2025-09-01 18:21:18,998 [ERROR] LogOutputStream:75 - [STDERR_REDIRECT] 
2025-09-01 18:21:19,995 [ERROR] LogOutputStream:75 - [STDERR_REDIRECT] [Fatal Error] :1:1: Premature end of file.
2025-09-01 18:21:19,995 [ERROR] LogOutputStream:75 - [STDERR_REDIRECT] 
2025-09-01 18:21:20,997 [ERROR] LogOutputStream:75 - [STDERR_REDIRECT] [Fatal Error] :1:1: Premature end of file.
2025-09-01 18:21:20,997 [ERROR] LogOutputStream:75 - [STDERR_REDIRECT] 
2025-09-01 18:21:21,998 [ERROR] LogOutputStream:75 - [STDERR_REDIRECT] [Fatal Error] :1:1: Premature end of file.
2025-09-01 18:21:21,998 [ERROR] LogOutputStream:75 - [STDERR_REDIRECT] 
2025-09-01 18:21:23,004 [ERROR] LogOutputStream:75 - [STDERR_REDIRECT] [Fatal Error] :1:1: Premature end of file.
2025-09-01 18:21:23,004 [ERROR] LogOutputStream:75 - [STDERR_REDIRECT] 
2025-09-01 18:21:24,012 [ERROR] LogOutputStream:75 - [STDERR_REDIRECT] [Fatal Error] :1:1: Premature end of file.
2025-09-01 18:21:24,013 [ERROR] LogOutputStream:75 - [STDERR_REDIRECT] 
2025-09-01 18:21:25,010 [ERROR] LogOutputStream:75 - [STDERR_REDIRECT] [Fatal Error] :1:1: Premature end of file.
2025-09-01 18:21:25,010 [ERROR] LogOutputStream:75 - [STDERR_REDIRECT] 
2025-09-01 18:21:26,008 [ERROR] LogOutputStream:75 - [STDERR_REDIRECT] [Fatal Error] :1:1: Premature end of file.
2025-09-01 18:21:26,008 [ERROR] LogOutputStream:75 - [STDERR_REDIRECT] 
2025-09-01 18:21:26,996 [ERROR] LogOutputStream:75 - [STDERR_REDIRECT] [Fatal Error] :1:1: Premature end of file.
2025-09-01 18:21:26,997 [ERROR] LogOutputStream:75 - [STDERR_REDIRECT] 
2025-09-01 18:21:28,027 [ERROR] LogOutputStream:75 - [STDERR_REDIRECT] [Fatal Error] :1:1: Premature end of file.
2025-09-01 18:21:28,028 [ERROR] LogOutputStream:75 - [STDERR_REDIRECT] 
2025-09-01 18:21:29,064 [ERROR] LogOutputStream:75 - [STDERR_REDIRECT] [Fatal Error] :1:1: Premature end of file.
2025-09-01 18:21:29,066 [ERROR] LogOutputStream:75 - [STDERR_REDIRECT] 
2025-09-01 18:21:29,351 [ERROR] LogOutputStream:75 - [STDERR_REDIRECT] 
2025-09-01 18:21:37,377 [INFO] Activator:176 - 


2025-09-01 18:21:37,379 [INFO] Activator:177 - !SESSION log4j initialized
